2024-08-31 11:38:44.081 [info] Started local extension host with pid 271928.
2024-08-31 11:38:44.229 [info] Started initializing default profile extensions in extensions installation folder. file:///root/.vscode/extensions
2024-08-31 11:38:44.636 [info] Completed initializing default profile extensions in extensions installation folder. file:///root/.vscode/extensions
2024-08-31 11:38:47.642 [info] [perf] Render performance baseline is 43ms
2024-08-31 11:40:46.862 [error] [Extension Host] grep: /usr/bin/X11 : attention : boucle de répertoire récursive
2024-08-31 11:40:52.496 [error] Unable to read file '/home/fethy/warpgate/warpgate/src/config.rs' (Error: File not modified since): Error: Unable to read file '/home/fethy/warpgate/warpgate/src/config.rs' (Error: File not modified since)
    at r.F (vscode-file://vscode-app/usr/share/code/resources/app/out/vs/workbench/workbench.desktop.main.js:662:19353)
    at r.D (vscode-file://vscode-app/usr/share/code/resources/app/out/vs/workbench/workbench.desktop.main.js:662:19238)
    at async b.M (vscode-file://vscode-app/usr/share/code/resources/app/out/vs/workbench/workbench.desktop.main.js:2450:35468)
    at async b.readStream (vscode-file://vscode-app/usr/share/code/resources/app/out/vs/workbench/workbench.desktop.main.js:2450:35225)
    at async P.Db (vscode-file://vscode-app/usr/share/code/resources/app/out/vs/workbench/workbench.desktop.main.js:2439:12236)
    at async P.resolve (vscode-file://vscode-app/usr/share/code/resources/app/out/vs/workbench/workbench.desktop.main.js:2439:10648)
    at async vscode-file://vscode-app/usr/share/code/resources/app/out/vs/workbench/workbench.desktop.main.js:2450:31253
2024-08-31 11:41:02.691 [error] [Extension Host] grep: /usr/bin/X11 : attention : boucle de répertoire récursive
2024-08-31 11:41:41.152 [error] Unable to read file '/home/fethy/warpgate/.vscode/launch.json' (Error: File not modified since): Error: Unable to read file '/home/fethy/warpgate/.vscode/launch.json' (Error: File not modified since)
    at r.F (vscode-file://vscode-app/usr/share/code/resources/app/out/vs/workbench/workbench.desktop.main.js:662:19353)
    at r.D (vscode-file://vscode-app/usr/share/code/resources/app/out/vs/workbench/workbench.desktop.main.js:662:19238)
    at async b.M (vscode-file://vscode-app/usr/share/code/resources/app/out/vs/workbench/workbench.desktop.main.js:2450:35468)
    at async b.readStream (vscode-file://vscode-app/usr/share/code/resources/app/out/vs/workbench/workbench.desktop.main.js:2450:35225)
    at async P.Db (vscode-file://vscode-app/usr/share/code/resources/app/out/vs/workbench/workbench.desktop.main.js:2439:12236)
    at async P.resolve (vscode-file://vscode-app/usr/share/code/resources/app/out/vs/workbench/workbench.desktop.main.js:2439:10648)
    at async vscode-file://vscode-app/usr/share/code/resources/app/out/vs/workbench/workbench.desktop.main.js:2450:31253
2024-08-31 11:41:47.294 [error] [Extension Host] grep: /usr/bin/X11 : attention : boucle de répertoire récursive
2024-08-31 11:41:50.445 [error] Unable to read file '/home/fethy/warpgate/warpgate-web/package.json' (Error: File not modified since): Error: Unable to read file '/home/fethy/warpgate/warpgate-web/package.json' (Error: File not modified since)
    at r.F (vscode-file://vscode-app/usr/share/code/resources/app/out/vs/workbench/workbench.desktop.main.js:662:19353)
    at r.D (vscode-file://vscode-app/usr/share/code/resources/app/out/vs/workbench/workbench.desktop.main.js:662:19238)
    at async b.M (vscode-file://vscode-app/usr/share/code/resources/app/out/vs/workbench/workbench.desktop.main.js:2450:35468)
    at async b.readStream (vscode-file://vscode-app/usr/share/code/resources/app/out/vs/workbench/workbench.desktop.main.js:2450:35225)
    at async P.Db (vscode-file://vscode-app/usr/share/code/resources/app/out/vs/workbench/workbench.desktop.main.js:2439:12236)
    at async P.resolve (vscode-file://vscode-app/usr/share/code/resources/app/out/vs/workbench/workbench.desktop.main.js:2439:10648)
    at async vscode-file://vscode-app/usr/share/code/resources/app/out/vs/workbench/workbench.desktop.main.js:2450:31253
2024-08-31 11:43:00.694 [error] [Extension Host] grep: /usr/bin/X11 : attention : boucle de répertoire récursive
2024-08-31 11:43:05.256 [error] Unable to read file '/home/fethy/warpgate/warpgate-web/yarn.lock' (Error: File not modified since): Error: Unable to read file '/home/fethy/warpgate/warpgate-web/yarn.lock' (Error: File not modified since)
    at r.F (vscode-file://vscode-app/usr/share/code/resources/app/out/vs/workbench/workbench.desktop.main.js:662:19353)
    at r.D (vscode-file://vscode-app/usr/share/code/resources/app/out/vs/workbench/workbench.desktop.main.js:662:19238)
    at async b.M (vscode-file://vscode-app/usr/share/code/resources/app/out/vs/workbench/workbench.desktop.main.js:2450:35468)
    at async b.readStream (vscode-file://vscode-app/usr/share/code/resources/app/out/vs/workbench/workbench.desktop.main.js:2450:35225)
    at async P.Db (vscode-file://vscode-app/usr/share/code/resources/app/out/vs/workbench/workbench.desktop.main.js:2439:12236)
    at async P.resolve (vscode-file://vscode-app/usr/share/code/resources/app/out/vs/workbench/workbench.desktop.main.js:2439:10648)
    at async vscode-file://vscode-app/usr/share/code/resources/app/out/vs/workbench/workbench.desktop.main.js:2450:31253
2024-08-31 11:43:42.954 [error] [Extension Host] Unknown request: completions
2024-08-31 11:43:43.362 [error] [Extension Host] Unknown request: evaluate
2024-08-31 11:44:59.344 [error] [Extension Host] grep: /usr/bin/X11 : attention : boucle de répertoire récursive
2024-08-31 13:00:06.587 [error] [Extension Host] grep: /usr/bin/X11 : attention : boucle de répertoire récursive
